<?xml version="1.0" encoding="UTF-8"?>
<!-- Generated by org.testng.reporters.JUnitReportReporter -->
<testsuite hostname="LT-53JXL63" failures="0" tests="1" name="rest.SerClass" time="2.196" errors="0" timestamp="2022-04-14T00:08:52 IST" skipped="0">
  <testcase classname="rest.SerClass" name="serMethod" time="2.196"/>
  <system-out/>
</testsuite> <!-- rest.SerClass -->
