<?xml version="1.0" encoding="UTF-8"?>
<!-- Generated by org.testng.reporters.JUnitReportReporter -->
<testsuite hostname="LT-53JXL63" failures="0" tests="1" name="main.FirstRestAssuredClass" time="2.491" errors="0" timestamp="2022-04-13T22:32:48 IST" skipped="0">
  <testcase classname="main.FirstRestAssuredClass" name="secondRestAssuredMethod" time="2.491"/>
  <system-out/>
</testsuite> <!-- main.FirstRestAssuredClass -->
