<?xml version="1.0" encoding="UTF-8"?>
<!-- Generated by org.testng.reporters.JUnitReportReporter -->
<testsuite hostname="LT-53JXL63" failures="0" tests="1" name="main.DayTwoRestAssured" time="3.642" errors="0" timestamp="2022-04-18T09:14:14 IST" skipped="0">
  <testcase classname="main.DayTwoRestAssured" name="testExtract" time="3.642"/>
  <system-out/>
</testsuite> <!-- main.DayTwoRestAssured -->
